app/build/intermediates/manifest_merge_blame_file/debug/processDebugMainManifest/manifest-merger-blame-debug-report.txt
1<?xml version="1.0" encoding="utf-8"?>
2<manifest xmlns:android="http://schemas.android.com/apk/res/android"
3    package="com.zando.app"
4    android:versionCode="2"
5    android:versionName="2.0.0" >
6
7    <uses-sdk
8        android:minSdkVersion="26"
9        android:targetSdkVersion="35" />
10
11    <uses-permission android:name="android.permission.INTERNET" />
11-->src\main\AndroidManifest.xml:4:5-67
11-->src\main\AndroidManifest.xml:4:22-64
12
13    <!-- Although the *SdkVersion is captured in gradle build files, this is required for non gradle builds -->
14    <!-- <uses-sdk android:minSdkVersion="23" /> -->
15    <uses-permission android:name="android.permission.ACCESS_NETWORK_STATE" />
15-->[com.google.firebase:firebase-firestore:26.3.0] AndroidManifest.xml:10:5-79
15-->[com.google.firebase:firebase-firestore:26.3.0] AndroidManifest.xml:10:22-76
16    <uses-permission android:name="com.google.android.providers.gsf.permission.READ_GSERVICES" />
16-->[com.google.android.recaptcha:recaptcha:18.5.1] AndroidManifest.xml:9:5-98
16-->[com.google.android.recaptcha:recaptcha:18.5.1] AndroidManifest.xml:9:22-95
17
18    <permission
18-->[androidx.core:core:1.15.0] AndroidManifest.xml:22:5-24:47
19        android:name="com.zando.app.DYNAMIC_RECEIVER_NOT_EXPORTED_PERMISSION"
19-->[androidx.core:core:1.15.0] AndroidManifest.xml:23:9-81
20        android:protectionLevel="signature" />
20-->[androidx.core:core:1.15.0] AndroidManifest.xml:24:9-44
21
22    <uses-permission android:name="com.zando.app.DYNAMIC_RECEIVER_NOT_EXPORTED_PERMISSION" />
22-->[androidx.core:core:1.15.0] AndroidManifest.xml:26:5-97
22-->[androidx.core:core:1.15.0] AndroidManifest.xml:26:22-94
23
24    <application
24-->src\main\AndroidManifest.xml:6:5-20:19
25        android:allowBackup="true"
25-->src\main\AndroidManifest.xml:7:9-35
26        android:appComponentFactory="androidx.core.app.CoreComponentFactory"
26-->[androidx.core:core:1.15.0] AndroidManifest.xml:28:18-86
27        android:debuggable="true"
28        android:extractNativeLibs="false"
29        android:label="ZandoCompose"
29-->src\main\AndroidManifest.xml:8:9-37
30        android:supportsRtl="true"
30-->src\main\AndroidManifest.xml:9:9-35
31        android:testOnly="true"
32        android:theme="@android:style/Theme.Material.Light.NoActionBar"
32-->src\main\AndroidManifest.xml:11:9-72
33        android:usesCleartextTraffic="true" >
33-->src\main\AndroidManifest.xml:10:9-44
34        <activity
34-->src\main\AndroidManifest.xml:12:9-19:20
35            android:name="com.zando.app.MainActivity"
35-->src\main\AndroidManifest.xml:13:13-41
36            android:exported="true" >
36-->src\main\AndroidManifest.xml:14:13-36
37            <intent-filter>
37-->src\main\AndroidManifest.xml:15:13-18:29
38                <action android:name="android.intent.action.MAIN" />
38-->src\main\AndroidManifest.xml:16:17-69
38-->src\main\AndroidManifest.xml:16:25-66
39
40                <category android:name="android.intent.category.LAUNCHER" />
40-->src\main\AndroidManifest.xml:17:17-77
40-->src\main\AndroidManifest.xml:17:27-74
41            </intent-filter>
42        </activity>
43
44        <service
44-->[com.google.firebase:firebase-firestore:26.3.0] AndroidManifest.xml:14:9-23:19
45            android:name="com.google.firebase.components.ComponentDiscoveryService"
45-->[com.google.firebase:firebase-firestore:26.3.0] AndroidManifest.xml:15:13-84
46            android:directBootAware="true"
46-->[com.google.firebase:firebase-common:22.0.1] AndroidManifest.xml:32:13-43
47            android:exported="false" >
47-->[com.google.firebase:firebase-firestore:26.3.0] AndroidManifest.xml:16:13-37
48            <meta-data
48-->[com.google.firebase:firebase-firestore:26.3.0] AndroidManifest.xml:17:13-19:85
49                android:name="com.google.firebase.components:com.google.firebase.firestore.FirebaseFirestoreKtxRegistrar"
49-->[com.google.firebase:firebase-firestore:26.3.0] AndroidManifest.xml:18:17-122
50                android:value="com.google.firebase.components.ComponentRegistrar" />
50-->[com.google.firebase:firebase-firestore:26.3.0] AndroidManifest.xml:19:17-82
51            <meta-data
51-->[com.google.firebase:firebase-firestore:26.3.0] AndroidManifest.xml:20:13-22:85
52                android:name="com.google.firebase.components:com.google.firebase.firestore.FirestoreRegistrar"
52-->[com.google.firebase:firebase-firestore:26.3.0] AndroidManifest.xml:21:17-111
53                android:value="com.google.firebase.components.ComponentRegistrar" />
53-->[com.google.firebase:firebase-firestore:26.3.0] AndroidManifest.xml:22:17-82
54            <meta-data
54-->[com.google.firebase:firebase-auth:23.1.0] AndroidManifest.xml:69:13-71:85
55                android:name="com.google.firebase.components:com.google.firebase.auth.FirebaseAuthRegistrar"
55-->[com.google.firebase:firebase-auth:23.1.0] AndroidManifest.xml:70:17-109
56                android:value="com.google.firebase.components.ComponentRegistrar" />
56-->[com.google.firebase:firebase-auth:23.1.0] AndroidManifest.xml:71:17-82
57            <meta-data
57-->[com.google.firebase:firebase-storage:21.0.1] AndroidManifest.xml:30:13-32:85
58                android:name="com.google.firebase.components:com.google.firebase.storage.FirebaseStorageKtxRegistrar"
58-->[com.google.firebase:firebase-storage:21.0.1] AndroidManifest.xml:31:17-118
59                android:value="com.google.firebase.components.ComponentRegistrar" />
59-->[com.google.firebase:firebase-storage:21.0.1] AndroidManifest.xml:32:17-82
60            <meta-data
60-->[com.google.firebase:firebase-storage:21.0.1] AndroidManifest.xml:33:13-35:85
61                android:name="com.google.firebase.components:com.google.firebase.storage.StorageRegistrar"
61-->[com.google.firebase:firebase-storage:21.0.1] AndroidManifest.xml:34:17-107
62                android:value="com.google.firebase.components.ComponentRegistrar" />
62-->[com.google.firebase:firebase-storage:21.0.1] AndroidManifest.xml:35:17-82
63            <meta-data
63-->[com.google.firebase:firebase-appcheck:17.1.0] AndroidManifest.xml:25:13-27:85
64                android:name="com.google.firebase.components:com.google.firebase.appcheck.FirebaseAppCheckKtxRegistrar"
64-->[com.google.firebase:firebase-appcheck:17.1.0] AndroidManifest.xml:26:17-120
65                android:value="com.google.firebase.components.ComponentRegistrar" />
65-->[com.google.firebase:firebase-appcheck:17.1.0] AndroidManifest.xml:27:17-82
66            <meta-data
66-->[com.google.firebase:firebase-appcheck:17.1.0] AndroidManifest.xml:28:13-30:85
67                android:name="com.google.firebase.components:com.google.firebase.appcheck.FirebaseAppCheckRegistrar"
67-->[com.google.firebase:firebase-appcheck:17.1.0] AndroidManifest.xml:29:17-117
68                android:value="com.google.firebase.components.ComponentRegistrar" />
68-->[com.google.firebase:firebase-appcheck:17.1.0] AndroidManifest.xml:30:17-82
69            <meta-data
69-->[com.google.firebase:firebase-common-ktx:21.0.0] AndroidManifest.xml:12:13-14:85
70                android:name="com.google.firebase.components:com.google.firebase.ktx.FirebaseCommonLegacyRegistrar"
70-->[com.google.firebase:firebase-common-ktx:21.0.0] AndroidManifest.xml:13:17-116
71                android:value="com.google.firebase.components.ComponentRegistrar" />
71-->[com.google.firebase:firebase-common-ktx:21.0.0] AndroidManifest.xml:14:17-82
72            <meta-data
72-->[com.google.firebase:firebase-common:22.0.1] AndroidManifest.xml:35:13-37:85
73                android:name="com.google.firebase.components:com.google.firebase.FirebaseCommonKtxRegistrar"
73-->[com.google.firebase:firebase-common:22.0.1] AndroidManifest.xml:36:17-109
74                android:value="com.google.firebase.components.ComponentRegistrar" />
74-->[com.google.firebase:firebase-common:22.0.1] AndroidManifest.xml:37:17-82
75        </service>
76
77        <activity
77-->[com.google.firebase:firebase-auth:23.1.0] AndroidManifest.xml:29:9-46:20
78            android:name="com.google.firebase.auth.internal.GenericIdpActivity"
78-->[com.google.firebase:firebase-auth:23.1.0] AndroidManifest.xml:30:13-80
79            android:excludeFromRecents="true"
79-->[com.google.firebase:firebase-auth:23.1.0] AndroidManifest.xml:31:13-46
80            android:exported="true"
80-->[com.google.firebase:firebase-auth:23.1.0] AndroidManifest.xml:32:13-36
81            android:launchMode="singleTask"
81-->[com.google.firebase:firebase-auth:23.1.0] AndroidManifest.xml:33:13-44
82            android:theme="@android:style/Theme.Translucent.NoTitleBar" >
82-->[com.google.firebase:firebase-auth:23.1.0] AndroidManifest.xml:34:13-72
83            <intent-filter>
83-->[com.google.firebase:firebase-auth:23.1.0] AndroidManifest.xml:35:13-45:29
84                <action android:name="android.intent.action.VIEW" />
84-->[com.google.firebase:firebase-auth:23.1.0] AndroidManifest.xml:36:17-69
84-->[com.google.firebase:firebase-auth:23.1.0] AndroidManifest.xml:36:25-66
85
86                <category android:name="android.intent.category.DEFAULT" />
86-->[com.google.firebase:firebase-auth:23.1.0] AndroidManifest.xml:38:17-76
86-->[com.google.firebase:firebase-auth:23.1.0] AndroidManifest.xml:38:27-73
87                <category android:name="android.intent.category.BROWSABLE" />
87-->[com.google.firebase:firebase-auth:23.1.0] AndroidManifest.xml:39:17-78
87-->[com.google.firebase:firebase-auth:23.1.0] AndroidManifest.xml:39:27-75
88
89                <data
89-->[com.google.firebase:firebase-auth:23.1.0] AndroidManifest.xml:41:17-44:51
90                    android:host="firebase.auth"
90-->[com.google.firebase:firebase-auth:23.1.0] AndroidManifest.xml:42:21-49
91                    android:path="/"
91-->[com.google.firebase:firebase-auth:23.1.0] AndroidManifest.xml:43:21-37
92                    android:scheme="genericidp" />
92-->[com.google.firebase:firebase-auth:23.1.0] AndroidManifest.xml:44:21-48
93            </intent-filter>
94        </activity>
95        <activity
95-->[com.google.firebase:firebase-auth:23.1.0] AndroidManifest.xml:47:9-64:20
96            android:name="com.google.firebase.auth.internal.RecaptchaActivity"
96-->[com.google.firebase:firebase-auth:23.1.0] AndroidManifest.xml:48:13-79
97            android:excludeFromRecents="true"
97-->[com.google.firebase:firebase-auth:23.1.0] AndroidManifest.xml:49:13-46
98            android:exported="true"
98-->[com.google.firebase:firebase-auth:23.1.0] AndroidManifest.xml:50:13-36
99            android:launchMode="singleTask"
99-->[com.google.firebase:firebase-auth:23.1.0] AndroidManifest.xml:51:13-44
100            android:theme="@android:style/Theme.Translucent.NoTitleBar" >
100-->[com.google.firebase:firebase-auth:23.1.0] AndroidManifest.xml:52:13-72
101            <intent-filter>
101-->[com.google.firebase:firebase-auth:23.1.0] AndroidManifest.xml:53:13-63:29
102                <action android:name="android.intent.action.VIEW" />
102-->[com.google.firebase:firebase-auth:23.1.0] AndroidManifest.xml:36:17-69
102-->[com.google.firebase:firebase-auth:23.1.0] AndroidManifest.xml:36:25-66
103
104                <category android:name="android.intent.category.DEFAULT" />
104-->[com.google.firebase:firebase-auth:23.1.0] AndroidManifest.xml:38:17-76
104-->[com.google.firebase:firebase-auth:23.1.0] AndroidManifest.xml:38:27-73
105                <category android:name="android.intent.category.BROWSABLE" />
105-->[com.google.firebase:firebase-auth:23.1.0] AndroidManifest.xml:39:17-78
105-->[com.google.firebase:firebase-auth:23.1.0] AndroidManifest.xml:39:27-75
106
107                <data
107-->[com.google.firebase:firebase-auth:23.1.0] AndroidManifest.xml:41:17-44:51
108                    android:host="firebase.auth"
108-->[com.google.firebase:firebase-auth:23.1.0] AndroidManifest.xml:42:21-49
109                    android:path="/"
109-->[com.google.firebase:firebase-auth:23.1.0] AndroidManifest.xml:43:21-37
110                    android:scheme="recaptcha" />
110-->[com.google.firebase:firebase-auth:23.1.0] AndroidManifest.xml:44:21-48
111            </intent-filter>
112        </activity>
113
114        <service
114-->[androidx.credentials:credentials-play-services-auth:1.2.0-rc01] AndroidManifest.xml:24:9-32:19
115            android:name="androidx.credentials.playservices.CredentialProviderMetadataHolder"
115-->[androidx.credentials:credentials-play-services-auth:1.2.0-rc01] AndroidManifest.xml:25:13-94
116            android:enabled="true"
116-->[androidx.credentials:credentials-play-services-auth:1.2.0-rc01] AndroidManifest.xml:26:13-35
117            android:exported="false" >
117-->[androidx.credentials:credentials-play-services-auth:1.2.0-rc01] AndroidManifest.xml:27:13-37
118            <meta-data
118-->[androidx.credentials:credentials-play-services-auth:1.2.0-rc01] AndroidManifest.xml:29:13-31:104
119                android:name="androidx.credentials.CREDENTIAL_PROVIDER_KEY"
119-->[androidx.credentials:credentials-play-services-auth:1.2.0-rc01] AndroidManifest.xml:30:17-76
120                android:value="androidx.credentials.playservices.CredentialProviderPlayServicesImpl" />
120-->[androidx.credentials:credentials-play-services-auth:1.2.0-rc01] AndroidManifest.xml:31:17-101
121        </service>
122
123        <activity
123-->[androidx.credentials:credentials-play-services-auth:1.2.0-rc01] AndroidManifest.xml:34:9-41:20
124            android:name="androidx.credentials.playservices.HiddenActivity"
124-->[androidx.credentials:credentials-play-services-auth:1.2.0-rc01] AndroidManifest.xml:35:13-76
125            android:configChanges="orientation|screenSize|screenLayout|keyboardHidden"
125-->[androidx.credentials:credentials-play-services-auth:1.2.0-rc01] AndroidManifest.xml:36:13-87
126            android:enabled="true"
126-->[androidx.credentials:credentials-play-services-auth:1.2.0-rc01] AndroidManifest.xml:37:13-35
127            android:exported="false"
127-->[androidx.credentials:credentials-play-services-auth:1.2.0-rc01] AndroidManifest.xml:38:13-37
128            android:fitsSystemWindows="true"
128-->[androidx.credentials:credentials-play-services-auth:1.2.0-rc01] AndroidManifest.xml:39:13-45
129            android:theme="@style/Theme.Hidden" >
129-->[androidx.credentials:credentials-play-services-auth:1.2.0-rc01] AndroidManifest.xml:40:13-48
130        </activity>
131        <activity
131-->[com.google.android.gms:play-services-auth:20.7.0] AndroidManifest.xml:23:9-27:75
132            android:name="com.google.android.gms.auth.api.signin.internal.SignInHubActivity"
132-->[com.google.android.gms:play-services-auth:20.7.0] AndroidManifest.xml:24:13-93
133            android:excludeFromRecents="true"
133-->[com.google.android.gms:play-services-auth:20.7.0] AndroidManifest.xml:25:13-46
134            android:exported="false"
134-->[com.google.android.gms:play-services-auth:20.7.0] AndroidManifest.xml:26:13-37
135            android:theme="@android:style/Theme.Translucent.NoTitleBar" />
135-->[com.google.android.gms:play-services-auth:20.7.0] AndroidManifest.xml:27:13-72
136        <!--
137            Service handling Google Sign-In user revocation. For apps that do not integrate with
138            Google Sign-In, this service will never be started.
139        -->
140        <service
140-->[com.google.android.gms:play-services-auth:20.7.0] AndroidManifest.xml:33:9-37:51
141            android:name="com.google.android.gms.auth.api.signin.RevocationBoundService"
141-->[com.google.android.gms:play-services-auth:20.7.0] AndroidManifest.xml:34:13-89
142            android:exported="true"
142-->[com.google.android.gms:play-services-auth:20.7.0] AndroidManifest.xml:35:13-36
143            android:permission="com.google.android.gms.auth.api.signin.permission.REVOCATION_NOTIFICATION"
143-->[com.google.android.gms:play-services-auth:20.7.0] AndroidManifest.xml:36:13-107
144            android:visibleToInstantApps="true" />
144-->[com.google.android.gms:play-services-auth:20.7.0] AndroidManifest.xml:37:13-48
145
146        <activity
146-->[com.google.android.gms:play-services-base:18.9.0] AndroidManifest.xml:20:9-22:45
147            android:name="com.google.android.gms.common.api.GoogleApiActivity"
147-->[com.google.android.gms:play-services-base:18.9.0] AndroidManifest.xml:20:19-85
148            android:exported="false"
148-->[com.google.android.gms:play-services-base:18.9.0] AndroidManifest.xml:22:19-43
149            android:theme="@android:style/Theme.Translucent.NoTitleBar" />
149-->[com.google.android.gms:play-services-base:18.9.0] AndroidManifest.xml:21:19-78
150
151        <provider
151-->[com.google.firebase:firebase-common:22.0.1] AndroidManifest.xml:23:9-28:39
152            android:name="com.google.firebase.provider.FirebaseInitProvider"
152-->[com.google.firebase:firebase-common:22.0.1] AndroidManifest.xml:24:13-77
153            android:authorities="com.zando.app.firebaseinitprovider"
153-->[com.google.firebase:firebase-common:22.0.1] AndroidManifest.xml:25:13-72
154            android:directBootAware="true"
154-->[com.google.firebase:firebase-common:22.0.1] AndroidManifest.xml:26:13-43
155            android:exported="false"
155-->[com.google.firebase:firebase-common:22.0.1] AndroidManifest.xml:27:13-37
156            android:initOrder="100" />
156-->[com.google.firebase:firebase-common:22.0.1] AndroidManifest.xml:28:13-36
157
158        <activity
158-->[androidx.compose.ui:ui-test-manifest:1.7.2] AndroidManifest.xml:23:9-25:39
159            android:name="androidx.activity.ComponentActivity"
159-->[androidx.compose.ui:ui-test-manifest:1.7.2] AndroidManifest.xml:24:13-63
160            android:exported="true" />
160-->[androidx.compose.ui:ui-test-manifest:1.7.2] AndroidManifest.xml:25:13-36
161        <activity
161-->[androidx.compose.ui:ui-tooling-android:1.7.2] AndroidManifest.xml:23:9-25:39
162            android:name="androidx.compose.ui.tooling.PreviewActivity"
162-->[androidx.compose.ui:ui-tooling-android:1.7.2] AndroidManifest.xml:24:13-71
163            android:exported="true" />
163-->[androidx.compose.ui:ui-tooling-android:1.7.2] AndroidManifest.xml:25:13-36
164
165        <provider
165-->[androidx.emoji2:emoji2:1.3.0] AndroidManifest.xml:24:9-32:20
166            android:name="androidx.startup.InitializationProvider"
166-->[androidx.emoji2:emoji2:1.3.0] AndroidManifest.xml:25:13-67
167            android:authorities="com.zando.app.androidx-startup"
167-->[androidx.emoji2:emoji2:1.3.0] AndroidManifest.xml:26:13-68
168            android:exported="false" >
168-->[androidx.emoji2:emoji2:1.3.0] AndroidManifest.xml:27:13-37
169            <meta-data
169-->[androidx.emoji2:emoji2:1.3.0] AndroidManifest.xml:29:13-31:52
170                android:name="androidx.emoji2.text.EmojiCompatInitializer"
170-->[androidx.emoji2:emoji2:1.3.0] AndroidManifest.xml:30:17-75
171                android:value="androidx.startup" />
171-->[androidx.emoji2:emoji2:1.3.0] AndroidManifest.xml:31:17-49
172            <meta-data
172-->[androidx.lifecycle:lifecycle-process:2.8.7] AndroidManifest.xml:29:13-31:52
173                android:name="androidx.lifecycle.ProcessLifecycleInitializer"
173-->[androidx.lifecycle:lifecycle-process:2.8.7] AndroidManifest.xml:30:17-78
174                android:value="androidx.startup" />
174-->[androidx.lifecycle:lifecycle-process:2.8.7] AndroidManifest.xml:31:17-49
175            <meta-data
175-->[androidx.profileinstaller:profileinstaller:1.3.1] AndroidManifest.xml:29:13-31:52
176                android:name="androidx.profileinstaller.ProfileInstallerInitializer"
176-->[androidx.profileinstaller:profileinstaller:1.3.1] AndroidManifest.xml:30:17-85
177                android:value="androidx.startup" />
177-->[androidx.profileinstaller:profileinstaller:1.3.1] AndroidManifest.xml:31:17-49
178        </provider>
179
180        <meta-data
180-->[com.google.android.gms:play-services-basement:18.9.0] AndroidManifest.xml:21:9-23:69
181            android:name="com.google.android.gms.version"
181-->[com.google.android.gms:play-services-basement:18.9.0] AndroidManifest.xml:22:13-58
182            android:value="@integer/google_play_services_version" />
182-->[com.google.android.gms:play-services-basement:18.9.0] AndroidManifest.xml:23:13-66
183
184        <receiver
184-->[androidx.profileinstaller:profileinstaller:1.3.1] AndroidManifest.xml:34:9-52:20
185            android:name="androidx.profileinstaller.ProfileInstallReceiver"
185-->[androidx.profileinstaller:profileinstaller:1.3.1] AndroidManifest.xml:35:13-76
186            android:directBootAware="false"
186-->[androidx.profileinstaller:profileinstaller:1.3.1] AndroidManifest.xml:36:13-44
187            android:enabled="true"
187-->[androidx.profileinstaller:profileinstaller:1.3.1] AndroidManifest.xml:37:13-35
188            android:exported="true"
188-->[androidx.profileinstaller:profileinstaller:1.3.1] AndroidManifest.xml:38:13-36
189            android:permission="android.permission.DUMP" >
189-->[androidx.profileinstaller:profileinstaller:1.3.1] AndroidManifest.xml:39:13-57
190            <intent-filter>
190-->[androidx.profileinstaller:profileinstaller:1.3.1] AndroidManifest.xml:40:13-42:29
191                <action android:name="androidx.profileinstaller.action.INSTALL_PROFILE" />
191-->[androidx.profileinstaller:profileinstaller:1.3.1] AndroidManifest.xml:41:17-91
191-->[androidx.profileinstaller:profileinstaller:1.3.1] AndroidManifest.xml:41:25-88
192            </intent-filter>
193            <intent-filter>
193-->[androidx.profileinstaller:profileinstaller:1.3.1] AndroidManifest.xml:43:13-45:29
194                <action android:name="androidx.profileinstaller.action.SKIP_FILE" />
194-->[androidx.profileinstaller:profileinstaller:1.3.1] AndroidManifest.xml:44:17-85
194-->[androidx.profileinstaller:profileinstaller:1.3.1] AndroidManifest.xml:44:25-82
195            </intent-filter>
196            <intent-filter>
196-->[androidx.profileinstaller:profileinstaller:1.3.1] AndroidManifest.xml:46:13-48:29
197                <action android:name="androidx.profileinstaller.action.SAVE_PROFILE" />
197-->[androidx.profileinstaller:profileinstaller:1.3.1] AndroidManifest.xml:47:17-88
197-->[androidx.profileinstaller:profileinstaller:1.3.1] AndroidManifest.xml:47:25-85
198            </intent-filter>
199            <intent-filter>
199-->[androidx.profileinstaller:profileinstaller:1.3.1] AndroidManifest.xml:49:13-51:29
200                <action android:name="androidx.profileinstaller.action.BENCHMARK_OPERATION" />
200-->[androidx.profileinstaller:profileinstaller:1.3.1] AndroidManifest.xml:50:17-95
200-->[androidx.profileinstaller:profileinstaller:1.3.1] AndroidManifest.xml:50:25-92
201            </intent-filter>
202        </receiver> <!-- The activities will be merged into the manifest of the hosting app. -->
203        <activity
203-->[com.google.android.play:core-common:2.0.3] AndroidManifest.xml:14:9-18:65
204            android:name="com.google.android.play.core.common.PlayCoreDialogWrapperActivity"
204-->[com.google.android.play:core-common:2.0.3] AndroidManifest.xml:15:13-93
205            android:exported="false"
205-->[com.google.android.play:core-common:2.0.3] AndroidManifest.xml:16:13-37
206            android:stateNotNeeded="true"
206-->[com.google.android.play:core-common:2.0.3] AndroidManifest.xml:17:13-42
207            android:theme="@style/Theme.PlayCore.Transparent" />
207-->[com.google.android.play:core-common:2.0.3] AndroidManifest.xml:18:13-62
208    </application>
209
210</manifest>